<?xml version="1.0" encoding="UTF-8"?>
<!-- Generated by org.testng.reporters.JUnitXMLReporter -->
<testsuite ignored="0" hostname="DESKTOP-8JKSE2M" failures="1" tests="5" name="Test" time="95.163" errors="0" timestamp="2023-01-21T19:18:08 IST">
  <testcase classname="SeleniumJava.MavenIntegration.ErrorValidation" name="Idvalidation" time="0.61">
    <failure type="java.lang.AssertionError" message="expected [Incorrect email or password.] but found [Incorrect email password.]">
      <![CDATA[java.lang.AssertionError: expected [Incorrect email or password.] but found [Incorrect email password.]
at SeleniumJava.MavenIntegration.ErrorValidation.Idvalidation(ErrorValidation.java:32)
at java.base/java.util.ArrayList.forEach(ArrayList.java:1511)
... Removed 37 stack frames]]>
    </failure>
  </testcase> <!-- Idvalidation -->
  <testcase classname="SeleniumJava.MavenIntegration.ErrorValidation" name="ProductValidation" time="3.427"/>
  <testcase classname="SeleniumJava.MavenIntegration.SubmitOrder" name="SubmitOrderAgain" time="14.615"/>
  <testcase classname="SeleniumJava.MavenIntegration.SubmitOrder" name="SubmitOrderAgain" time="24.833"/>
  <testcase classname="SeleniumJava.MavenIntegration.StandAloneTest" name="SubmitOrder" time="13.213"/>
</testsuite> <!-- Test -->
